[2025-06-19 10:25:21] Nick: Bind param :beschrijving => asd (type 2)
[2025-06-19 10:25:21] Nick: BindValue uitgevoerd in bind().
[2025-06-19 10:25:21] Nick: Bind param :datum => 2006-04-01 (type 2)
[2025-06-19 10:25:21] Nick: BindValue uitgevoerd in bind().
[2025-06-19 10:25:21] Nick: single() opgehaald. Resultaat: false
[2025-06-19 10:25:21] Nick: Statement executed in single().
[2025-06-19 10:25:21] Nick: Bind param :beschrijving => asd (type 2)
[2025-06-19 10:25:21] Nick: BindValue uitgevoerd in bind().
[2025-06-19 10:25:21] Nick: Bind param :datum => 2006-04-01 (type 2)
[2025-06-19 10:25:21] Nick: BindValue uitgevoerd in bind().
[2025-06-19 10:25:21] Nick: Bind param :actief => 1 (type 1)
[2025-06-19 10:25:21] Nick: BindValue uitgevoerd in bind().
[2025-06-19 10:27:52] Nick: Bind param :inschrijvingId => 7 (type 2)
[2025-06-19 10:27:52] Nick: BindValue uitgevoerd in bind().
[2025-06-19 10:27:52] Nick: single() opgehaald. Resultaat: false
[2025-06-19 10:27:52] Nick: Statement executed in single().
[2025-06-19 10:27:52] Nick: single() opgehaald. Resultaat: (object) array(
   'Factuurnummer' => 'F2024004',
)
[2025-06-19 10:27:52] Nick: Statement executed in single().
[2025-06-19 10:27:52] Nick: Bind param :factuurnummer => F2025001 (type 2)
[2025-06-19 10:27:52] Nick: BindValue uitgevoerd in bind().
[2025-06-19 10:27:52] Nick: Bind param :datum => 2006-04-01 (type 2)
[2025-06-19 10:27:52] Nick: BindValue uitgevoerd in bind().
[2025-06-19 10:27:52] Nick: Bind param :bedrag => 20 (type 2)
[2025-06-19 10:27:52] Nick: BindValue uitgevoerd in bind().
[2025-06-19 10:27:52] Nick: Bind param :status => Open (type 2)
[2025-06-19 10:27:52] Nick: BindValue uitgevoerd in bind().
[2025-06-19 10:27:52] Nick: Bind param :inschrijvingId => 7 (type 2)
[2025-06-19 10:27:52] Nick: BindValue uitgevoerd in bind().
[2025-06-19 10:28:04] Nick: Bind param :id => 5 (type 2)
[2025-06-19 10:28:04] Nick: BindValue uitgevoerd in bind().
[2025-06-19 10:28:04] Nick: single() opgehaald. Resultaat: (object) array(
   'id' => 5,
   'nummer' => 'F2025001',
   'datum' => '2006-04-01',
   'totaal' => '20.00',
   'klant_naam' => 'bejan bejan',
)
[2025-06-19 10:28:04] Nick: Statement executed in single().
[2025-06-19 10:28:09] Nick: Bind param :factuurId => 5 (type 2)
[2025-06-19 10:28:09] Nick: BindValue uitgevoerd in bind().
[2025-06-19 10:28:09] Nick: single() opgehaald. Resultaat: (object) array(
   'aantal' => 0,
)
[2025-06-19 10:28:09] Nick: Statement executed in single().
[2025-06-19 10:28:13] Nick: Bind param :factuurId => 5 (type 2)
[2025-06-19 10:28:13] Nick: BindValue uitgevoerd in bind().
[2025-06-19 10:28:13] Nick: single() opgehaald. Resultaat: (object) array(
   'aantal' => 0,
)
[2025-06-19 10:28:13] Nick: Statement executed in single().
[2025-06-19 10:28:13] Nick: Bind param :factuurId => 5 (type 2)
[2025-06-19 10:28:13] Nick: BindValue uitgevoerd in bind().
[2025-06-19 10:28:13] Nick: single() opgehaald. Resultaat: (object) array(
   'aantal' => 0,
)
[2025-06-19 10:28:13] Nick: Statement executed in single().
[2025-06-19 10:28:13] Nick: Bind param :factuurId => 5 (type 2)
[2025-06-19 10:28:13] Nick: BindValue uitgevoerd in bind().
[2025-06-19 10:28:13] Nick: single() opgehaald. Resultaat: (object) array(
   'aantal' => 0,
)
[2025-06-19 10:28:13] Nick: Statement executed in single().
[2025-06-19 10:29:18] Nick: Bind param :factuurId => 5 (type 2)
[2025-06-19 10:29:18] Nick: BindValue uitgevoerd in bind().
[2025-06-19 10:29:18] Nick: single() opgehaald. Resultaat: (object) array(
   'aantal' => 0,
)
[2025-06-19 10:29:18] Nick: Statement executed in single().
[2025-06-19 10:29:29] Nick: Bind param :factuurId => 5 (type 2)
[2025-06-19 10:29:29] Nick: BindValue uitgevoerd in bind().
[2025-06-19 10:29:29] Nick: single() opgehaald. Resultaat: (object) array(
   'aantal' => 0,
)
[2025-06-19 10:29:29] Nick: Statement executed in single().
[2025-06-19 10:30:11] Nick: Bind param :factuurId => 5 (type 2)
[2025-06-19 10:30:11] Nick: BindValue uitgevoerd in bind().
[2025-06-19 10:30:11] Nick: single() opgehaald. Resultaat: (object) array(
   'aantal' => 0,
)
[2025-06-19 10:30:11] Nick: Statement executed in single().
[2025-06-19 10:34:41] Nick: Bind param :factuurId => 5 (type 2)
[2025-06-19 10:34:41] Nick: BindValue uitgevoerd in bind().
[2025-06-19 10:34:41] Nick: single() opgehaald. Resultaat: (object) array(
   'aantal' => 0,
)
[2025-06-19 10:34:41] Nick: Statement executed in single().
[2025-06-19 10:34:41] Nick: Bind param :factuurId => 5 (type 2)
[2025-06-19 10:34:41] Nick: BindValue uitgevoerd in bind().
[2025-06-19 10:34:41] Nick: Bind param :datum => 1999-04-01 (type 2)
[2025-06-19 10:34:41] Nick: BindValue uitgevoerd in bind().
[2025-06-19 10:34:41] Nick: Bind param :bedrag => 20 (type 2)
[2025-06-19 10:34:41] Nick: BindValue uitgevoerd in bind().
[2025-06-19 10:34:41] Nick: Bind param :status => Betaald (type 2)
[2025-06-19 10:34:41] Nick: BindValue uitgevoerd in bind().
[2025-06-19 10:34:41] Nick: Bind param :actief => 1 (type 1)
[2025-06-19 10:34:41] Nick: BindValue uitgevoerd in bind().
[2025-06-19 10:34:41] Nick: Bind param :factuurId => 5 (type 2)
[2025-06-19 10:34:41] Nick: BindValue uitgevoerd in bind().
[2025-06-19 10:35:22] Nick: Bind param :inschrijvingId => 1 (type 2)
[2025-06-19 10:35:22] Nick: BindValue uitgevoerd in bind().
[2025-06-19 10:35:22] Nick: single() opgehaald. Resultaat: (object) array(
   'Id' => 1,
)
[2025-06-19 10:35:22] Nick: Statement executed in single().
[2025-06-19 10:35:36] Nick: Bind param :inschrijvingId => 5 (type 2)
[2025-06-19 10:35:36] Nick: BindValue uitgevoerd in bind().
[2025-06-19 10:35:36] Nick: single() opgehaald. Resultaat: false
[2025-06-19 10:35:36] Nick: Statement executed in single().
[2025-06-19 10:35:36] Nick: single() opgehaald. Resultaat: (object) array(
   'Factuurnummer' => 'F2024004',
)
[2025-06-19 10:35:36] Nick: Statement executed in single().
[2025-06-19 10:35:36] Nick: Bind param :factuurnummer => F2025001 (type 2)
[2025-06-19 10:35:36] Nick: BindValue uitgevoerd in bind().
[2025-06-19 10:35:36] Nick: Bind param :datum => 23023-02-19 (type 2)
[2025-06-19 10:35:36] Nick: BindValue uitgevoerd in bind().
[2025-06-19 10:35:36] Nick: Bind param :bedrag => 123 (type 2)
[2025-06-19 10:35:36] Nick: BindValue uitgevoerd in bind().
[2025-06-19 10:35:36] Nick: Bind param :status => Betaald (type 2)
[2025-06-19 10:35:36] Nick: BindValue uitgevoerd in bind().
[2025-06-19 10:35:36] Nick: Bind param :inschrijvingId => 5 (type 2)
[2025-06-19 10:35:36] Nick: BindValue uitgevoerd in bind().
[2025-06-19 10:39:14] Nick: Bind param :gebruikersnaam => 0104 (type 2)
[2025-06-19 10:39:14] Nick: BindValue uitgevoerd in bind().
[2025-06-19 10:39:14] Nick: single() opgehaald. Resultaat: false
[2025-06-19 10:39:14] Nick: Statement executed in single().
[2025-06-19 10:39:14] Nick: Bind param :voornaam => account (type 2)
[2025-06-19 10:39:14] Nick: BindValue uitgevoerd in bind().
[2025-06-19 10:39:14] Nick: Bind param :tussenvoegsel => sprint (type 2)
[2025-06-19 10:39:14] Nick: BindValue uitgevoerd in bind().
[2025-06-19 10:39:14] Nick: Bind param :achternaam => test (type 2)
[2025-06-19 10:39:14] Nick: BindValue uitgevoerd in bind().
[2025-06-19 10:39:14] Nick: Bind param :geboortedatum => 2006-04-01 (type 2)
[2025-06-19 10:39:14] Nick: BindValue uitgevoerd in bind().
[2025-06-19 10:39:14] Nick: Bind param :gebruikersnaam => 0104 (type 2)
[2025-06-19 10:39:14] Nick: BindValue uitgevoerd in bind().
[2025-06-19 10:39:14] Nick: Bind param :wachtwoord => $2y$10$F56ZmIUYDIM1fiwuESb/n./fHLQ3.npcBL6S.Q2ZMbYkY24xK5oDq (type 2)
[2025-06-19 10:39:14] Nick: BindValue uitgevoerd in bind().
[2025-06-19 10:39:14] Nick: Bind param :email => 0104@gmail.com (type 2)
[2025-06-19 10:39:14] Nick: BindValue uitgevoerd in bind().
[2025-06-19 10:39:14] Nick: single() opgehaald. Resultaat: (object) array(
   'id' => 7,
)
[2025-06-19 10:39:14] Nick: Statement executed in single().
[2025-06-19 10:39:14] Nick: Bind param :gebruikerid => 7 (type 1)
[2025-06-19 10:39:14] Nick: BindValue uitgevoerd in bind().
[2025-06-19 10:39:19] Nick: Bind param :username => 0104 (type 2)
[2025-06-19 10:39:19] Nick: BindValue uitgevoerd in bind().
[2025-06-19 10:39:19] Nick: single() opgehaald. Resultaat: (object) array(
   'Id' => 7,
   'Voornaam' => 'account',
   'Tussenvoegsel' => 'sprint',
   'Achternaam' => 'test',
   'Geboortedatum' => '2006-04-01',
   'Gebruikersnaam' => '0104',
   'Wachtwoord' => '$2y$10$F56ZmIUYDIM1fiwuESb/n./fHLQ3.npcBL6S.Q2ZMbYkY24xK5oDq',
   'Email' => '0104@gmail.com',
   'IsIngelogd' => 0,
   'Ingelogd' => NULL,
   'Uitgelogd' => NULL,
   'IsActief' => 1,
   'Opmerking' => NULL,
   'DatumAangemaakt' => '2025-06-19 12:39:14',
   'DatumGewijzigd' => '2025-06-19 12:39:14',
)
[2025-06-19 10:39:19] Nick: Statement executed in single().
[2025-06-19 10:39:19] Nick: Bind param :id => 7 (type 1)
[2025-06-19 10:39:19] Nick: BindValue uitgevoerd in bind().
[2025-06-19 10:39:19] Nick: Bind param :userId => 7 (type 1)
[2025-06-19 10:39:19] Nick: BindValue uitgevoerd in bind().
[2025-06-19 10:39:19] Nick: single() opgehaald. Resultaat: (object) array(
   'Naam' => 'Leerling',
)
[2025-06-19 10:39:19] Nick: Statement executed in single().
[2025-06-19 10:39:27] Nick: Bind param :username => tombakker (type 2)
[2025-06-19 10:39:27] Nick: BindValue uitgevoerd in bind().
[2025-06-19 10:39:27] Nick: single() opgehaald. Resultaat: (object) array(
   'Id' => 3,
   'Voornaam' => 'Tom',
   'Tussenvoegsel' => NULL,
   'Achternaam' => 'Bakker',
   'Geboortedatum' => '1985-07-10',
   'Gebruikersnaam' => 'tombakker',
   'Wachtwoord' => 'test789',
   'Email' => 'tom@email.com',
   'IsIngelogd' => 0,
   'Ingelogd' => NULL,
   'Uitgelogd' => NULL,
   'IsActief' => 1,
   'Opmerking' => NULL,
   'DatumAangemaakt' => '2025-05-16 10:15:47',
   'DatumGewijzigd' => '2025-05-16 10:15:47',
)
[2025-06-19 10:39:27] Nick: Statement executed in single().
[2025-06-19 10:39:27] Nick: Bind param :id => 3 (type 1)
[2025-06-19 10:39:27] Nick: BindValue uitgevoerd in bind().
[2025-06-19 10:39:27] Nick: Bind param :userId => 3 (type 1)
[2025-06-19 10:39:27] Nick: BindValue uitgevoerd in bind().
[2025-06-19 10:39:27] Nick: single() opgehaald. Resultaat: (object) array(
   'Naam' => 'Beheerder',
)
[2025-06-19 10:39:27] Nick: Statement executed in single().
[2025-06-19 10:40:02] Nick: Bind param :gebruikersnaam => 0104 (type 2)
[2025-06-19 10:40:02] Nick: BindValue uitgevoerd in bind().
[2025-06-19 10:40:02] Nick: single() opgehaald. Resultaat: (object) array(
   'Id' => 7,
)
[2025-06-19 10:40:02] Nick: Statement executed in single().
[2025-06-19 10:43:21] Nick: Bind param :gebruikersnaam => 0104 (type 2)
[2025-06-19 10:43:21] Nick: BindValue uitgevoerd in bind().
[2025-06-19 10:43:21] Nick: single() opgehaald. Resultaat: (object) array(
   'Id' => 7,
)
[2025-06-19 10:43:21] Nick: Statement executed in single().
[2025-06-19 10:43:27] Nick: Bind param :username => tombakker (type 2)
[2025-06-19 10:43:27] Nick: BindValue uitgevoerd in bind().
[2025-06-19 10:43:27] Nick: single() opgehaald. Resultaat: (object) array(
   'Id' => 3,
   'Voornaam' => 'Tom',
   'Tussenvoegsel' => NULL,
   'Achternaam' => 'Bakker',
   'Geboortedatum' => '1985-07-10',
   'Gebruikersnaam' => 'tombakker',
   'Wachtwoord' => 'test789',
   'Email' => 'tom@email.com',
   'IsIngelogd' => 1,
   'Ingelogd' => '2025-06-19 12:39:27',
   'Uitgelogd' => NULL,
   'IsActief' => 1,
   'Opmerking' => NULL,
   'DatumAangemaakt' => '2025-05-16 10:15:47',
   'DatumGewijzigd' => '2025-06-19 12:39:27',
)
[2025-06-19 10:43:27] Nick: Statement executed in single().
[2025-06-19 10:43:27] Nick: Bind param :id => 3 (type 1)
[2025-06-19 10:43:27] Nick: BindValue uitgevoerd in bind().
[2025-06-19 10:43:27] Nick: Bind param :userId => 3 (type 1)
[2025-06-19 10:43:27] Nick: BindValue uitgevoerd in bind().
[2025-06-19 10:43:27] Nick: single() opgehaald. Resultaat: (object) array(
   'Naam' => 'Beheerder',
)
[2025-06-19 10:43:27] Nick: Statement executed in single().
[2025-06-19 10:43:46] Nick: Bind param :email => nick@gmail.com (type 2)
[2025-06-19 10:43:46] Nick: BindValue uitgevoerd in bind().
[2025-06-19 10:43:46] Nick: single() opgehaald. Resultaat: (object) array(
   'count' => 0,
)
[2025-06-19 10:43:46] Nick: Statement executed in single().
[2025-06-19 10:43:46] Nick: Bind param :voornaam => nick (type 2)
[2025-06-19 10:43:46] Nick: BindValue uitgevoerd in bind().
[2025-06-19 10:43:46] Nick: Bind param :tussenvoegsel => van (type 2)
[2025-06-19 10:43:46] Nick: BindValue uitgevoerd in bind().
[2025-06-19 10:43:46] Nick: Bind param :achternaam => beusivhm (type 2)
[2025-06-19 10:43:46] Nick: BindValue uitgevoerd in bind().
[2025-06-19 10:43:46] Nick: Bind param :geboortedatum => 2006-04-01 (type 2)
[2025-06-19 10:43:46] Nick: BindValue uitgevoerd in bind().
[2025-06-19 10:43:46] Nick: Bind param :gebruikerId => 8 (type 1)
[2025-06-19 10:43:46] Nick: BindValue uitgevoerd in bind().
[2025-06-19 10:43:46] Nick: Bind param :nummer => IN004 (type 2)
[2025-06-19 10:43:46] Nick: BindValue uitgevoerd in bind().
[2025-06-19 10:43:46] Nick: Bind param :gebruikerId => 8 (type 1)
[2025-06-19 10:43:46] Nick: BindValue uitgevoerd in bind().
[2025-06-19 10:43:46] Nick: Bind param :email => nick@gmail.com (type 2)
[2025-06-19 10:43:46] Nick: BindValue uitgevoerd in bind().
[2025-06-19 10:45:16] Nick: Bind param :email => nick@gmail.com (type 2)
[2025-06-19 10:45:16] Nick: BindValue uitgevoerd in bind().
[2025-06-19 10:45:16] Nick: single() opgehaald. Resultaat: (object) array(
   'count' => 1,
)
[2025-06-19 10:45:16] Nick: Statement executed in single().
[2025-06-19 10:45:36] Nick: Bind param :email => zaka@gmail.com (type 2)
[2025-06-19 10:45:36] Nick: BindValue uitgevoerd in bind().
[2025-06-19 10:45:36] Nick: single() opgehaald. Resultaat: (object) array(
   'count' => 0,
)
[2025-06-19 10:45:36] Nick: Statement executed in single().
[2025-06-19 10:45:36] Nick: Bind param :voornaam => zaka (type 2)
[2025-06-19 10:45:36] Nick: BindValue uitgevoerd in bind().
[2025-06-19 10:45:36] Nick: Bind param :tussenvoegsel => zaka (type 2)
[2025-06-19 10:45:36] Nick: BindValue uitgevoerd in bind().
[2025-06-19 10:45:36] Nick: Bind param :achternaam => zaka (type 2)
[2025-06-19 10:45:36] Nick: BindValue uitgevoerd in bind().
[2025-06-19 10:45:36] Nick: Bind param :geboortedatum => 2006-04-01 (type 2)
[2025-06-19 10:45:36] Nick: BindValue uitgevoerd in bind().
[2025-06-19 10:45:36] Nick: Bind param :gebruikerId => 9 (type 1)
[2025-06-19 10:45:36] Nick: BindValue uitgevoerd in bind().
[2025-06-19 10:45:36] Nick: Bind param :relatienummer => RL004 (type 2)
[2025-06-19 10:45:36] Nick: BindValue uitgevoerd in bind().
[2025-06-19 10:45:36] Nick: Bind param :gebruikerId => 9 (type 1)
[2025-06-19 10:45:36] Nick: BindValue uitgevoerd in bind().
[2025-06-19 10:45:36] Nick: Bind param :email => zaka@gmail.com (type 2)
[2025-06-19 10:45:36] Nick: BindValue uitgevoerd in bind().
[2025-06-19 10:45:49] Nick: Bind param :email => zaka@gmail.com (type 2)
[2025-06-19 10:45:49] Nick: BindValue uitgevoerd in bind().
[2025-06-19 10:45:49] Nick: single() opgehaald. Resultaat: (object) array(
   'count' => 1,
)
[2025-06-19 10:45:49] Nick: Statement executed in single().
