[2025-06-19 10:22:06] Zakka: Database connectie succesvol. Host: localhost, DB: rijschool
[2025-06-19 10:22:06] Zakka: Verbinding gemaakt met gebruiker: root
[2025-06-19 10:22:07] Zakka: Database connectie succesvol. Host: localhost, DB: rijschool
[2025-06-19 10:22:07] Zakka: Verbinding gemaakt met gebruiker: root
[2025-06-19 10:22:07] Zakka: resultSet opgehaald. Aantal records: 7
[2025-06-19 10:22:07] Zakka: Statement executed in resultSet().
[2025-06-19 10:23:27] Zakka: Database connectie succesvol. Host: localhost, DB: rijschool
[2025-06-19 10:23:27] Zakka: Verbinding gemaakt met gebruiker: root
[2025-06-19 10:23:27] Zakka: resultSet opgehaald. Aantal records: 7
[2025-06-19 10:23:27] Zakka: Statement executed in resultSet().
[2025-06-19 10:23:27] Zakka: resultSet opgehaald. Aantal records: 4
[2025-06-19 10:23:27] Zakka: Statement executed in resultSet().
[2025-06-19 10:23:59] Zakka: Database connectie succesvol. Host: localhost, DB: rijschool
[2025-06-19 10:23:59] Zakka: Verbinding gemaakt met gebruiker: root
[2025-06-19 10:23:59] Zakka: resultSet opgehaald. Aantal records: 7
[2025-06-19 10:23:59] Zakka: Statement executed in resultSet().
[2025-06-19 10:23:59] Zakka: resultSet opgehaald. Aantal records: 4
[2025-06-19 10:23:59] Zakka: Statement executed in resultSet().
[2025-06-19 10:24:00] Zakka: Database connectie succesvol. Host: localhost, DB: rijschool
[2025-06-19 10:24:00] Zakka: Verbinding gemaakt met gebruiker: root
[2025-06-19 10:24:00] Zakka: resultSet opgehaald. Aantal records: 7
[2025-06-19 10:24:00] Zakka: Statement executed in resultSet().
[2025-06-19 10:24:00] Zakka: resultSet opgehaald. Aantal records: 4
[2025-06-19 10:24:00] Zakka: Statement executed in resultSet().
[2025-06-19 10:24:16] Zakka: Database connectie succesvol. Host: localhost, DB: rijschool
[2025-06-19 10:24:16] Zakka: Verbinding gemaakt met gebruiker: root
[2025-06-19 10:24:16] Zakka: resultSet opgehaald. Aantal records: 7
[2025-06-19 10:24:16] Zakka: Statement executed in resultSet().
[2025-06-19 10:24:16] Zakka: resultSet opgehaald. Aantal records: 4
[2025-06-19 10:24:16] Zakka: Statement executed in resultSet().
[2025-06-19 10:24:40] Zakka: Database connectie succesvol. Host: localhost, DB: rijschool
[2025-06-19 10:24:40] Zakka: Verbinding gemaakt met gebruiker: root
[2025-06-19 10:24:48] Zakka: Database connectie succesvol. Host: localhost, DB: rijschool
[2025-06-19 10:24:48] Zakka: Verbinding gemaakt met gebruiker: root
[2025-06-19 10:24:48] Zakka: resultSet opgehaald. Aantal records: 4
[2025-06-19 10:24:48] Zakka: Statement executed in resultSet().
[2025-06-19 10:25:04] Zakka: Database connectie succesvol. Host: localhost, DB: rijschool
[2025-06-19 10:25:04] Zakka: Verbinding gemaakt met gebruiker: root
[2025-06-19 10:25:04] Zakka: resultSet opgehaald. Aantal records: 4
[2025-06-19 10:25:04] Zakka: Statement executed in resultSet().
[2025-06-19 10:25:09] Zakka: Database connectie succesvol. Host: localhost, DB: rijschool
[2025-06-19 10:25:09] Zakka: Verbinding gemaakt met gebruiker: root
[2025-06-19 10:25:21] Zakka: Database connectie succesvol. Host: localhost, DB: rijschool
[2025-06-19 10:25:21] Zakka: Verbinding gemaakt met gebruiker: root
[2025-06-19 10:25:21] Zakka: Database connectie succesvol. Host: localhost, DB: rijschool
[2025-06-19 10:25:21] Zakka: Verbinding gemaakt met gebruiker: root
[2025-06-19 10:25:21] Zakka: resultSet opgehaald. Aantal records: 5
[2025-06-19 10:25:21] Zakka: Statement executed in resultSet().
[2025-06-19 10:25:31] Zakka: Database connectie succesvol. Host: localhost, DB: rijschool
[2025-06-19 10:25:31] Zakka: Verbinding gemaakt met gebruiker: root
[2025-06-19 10:25:31] Zakka: resultSet opgehaald. Aantal records: 7
[2025-06-19 10:25:31] Zakka: Statement executed in resultSet().
[2025-06-19 10:25:31] Zakka: resultSet opgehaald. Aantal records: 4
[2025-06-19 10:25:31] Zakka: Statement executed in resultSet().
[2025-06-19 10:26:25] Zakka: Database connectie succesvol. Host: localhost, DB: rijschool
[2025-06-19 10:26:25] Zakka: Verbinding gemaakt met gebruiker: root
[2025-06-19 10:26:25] Zakka: resultSet opgehaald. Aantal records: 7
[2025-06-19 10:26:25] Zakka: Statement executed in resultSet().
[2025-06-19 10:26:25] Zakka: resultSet opgehaald. Aantal records: 4
[2025-06-19 10:26:25] Zakka: Statement executed in resultSet().
[2025-06-19 10:26:26] Zakka: Database connectie succesvol. Host: localhost, DB: rijschool
[2025-06-19 10:26:26] Zakka: Verbinding gemaakt met gebruiker: root
[2025-06-19 10:26:26] Zakka: resultSet opgehaald. Aantal records: 7
[2025-06-19 10:26:26] Zakka: Statement executed in resultSet().
[2025-06-19 10:26:26] Zakka: resultSet opgehaald. Aantal records: 4
[2025-06-19 10:26:26] Zakka: Statement executed in resultSet().
[2025-06-19 10:26:48] Zakka: Database connectie succesvol. Host: localhost, DB: rijschool
[2025-06-19 10:26:48] Zakka: Verbinding gemaakt met gebruiker: root
[2025-06-19 10:26:48] Zakka: resultSet opgehaald. Aantal records: 5
[2025-06-19 10:26:48] Zakka: Statement executed in resultSet().
[2025-06-19 10:26:52] Zakka: Database connectie succesvol. Host: localhost, DB: rijschool
[2025-06-19 10:26:52] Zakka: Verbinding gemaakt met gebruiker: root
[2025-06-19 10:26:52] Zakka: resultSet opgehaald. Aantal records: 7
[2025-06-19 10:26:52] Zakka: Statement executed in resultSet().
[2025-06-19 10:26:52] Zakka: resultSet opgehaald. Aantal records: 4
[2025-06-19 10:26:52] Zakka: Statement executed in resultSet().
[2025-06-19 10:27:12] Zakka: Database connectie succesvol. Host: localhost, DB: rijschool
[2025-06-19 10:27:12] Zakka: Verbinding gemaakt met gebruiker: root
[2025-06-19 10:27:12] Zakka: resultSet opgehaald. Aantal records: 7
[2025-06-19 10:27:12] Zakka: Statement executed in resultSet().
[2025-06-19 10:27:12] Zakka: resultSet opgehaald. Aantal records: 4
[2025-06-19 10:27:12] Zakka: Statement executed in resultSet().
[2025-06-19 10:27:16] Zakka: Database connectie succesvol. Host: localhost, DB: rijschool
[2025-06-19 10:27:16] Zakka: Verbinding gemaakt met gebruiker: root
[2025-06-19 10:27:16] Zakka: resultSet opgehaald. Aantal records: 5
[2025-06-19 10:27:16] Zakka: Statement executed in resultSet().
[2025-06-19 10:27:19] Zakka: Database connectie succesvol. Host: localhost, DB: rijschool
[2025-06-19 10:27:19] Zakka: Verbinding gemaakt met gebruiker: root
[2025-06-19 10:27:19] Zakka: resultSet opgehaald. Aantal records: 7
[2025-06-19 10:27:19] Zakka: Statement executed in resultSet().
[2025-06-19 10:27:19] Zakka: resultSet opgehaald. Aantal records: 4
[2025-06-19 10:27:19] Zakka: Statement executed in resultSet().
[2025-06-19 10:27:52] Zakka: Database connectie succesvol. Host: localhost, DB: rijschool
[2025-06-19 10:27:52] Zakka: Verbinding gemaakt met gebruiker: root
[2025-06-19 10:27:52] Zakka: Database connectie succesvol. Host: localhost, DB: rijschool
[2025-06-19 10:27:52] Zakka: Verbinding gemaakt met gebruiker: root
[2025-06-19 10:27:52] Zakka: resultSet opgehaald. Aantal records: 7
[2025-06-19 10:27:52] Zakka: Statement executed in resultSet().
[2025-06-19 10:27:52] Zakka: resultSet opgehaald. Aantal records: 5
[2025-06-19 10:27:53] Zakka: Statement executed in resultSet().
[2025-06-19 10:27:56] Zakka: Database connectie succesvol. Host: localhost, DB: rijschool
[2025-06-19 10:27:56] Zakka: Verbinding gemaakt met gebruiker: root
[2025-06-19 10:27:56] Zakka: resultSet opgehaald. Aantal records: 7
[2025-06-19 10:27:56] Zakka: Statement executed in resultSet().
[2025-06-19 10:27:56] Zakka: resultSet opgehaald. Aantal records: 5
[2025-06-19 10:27:56] Zakka: Statement executed in resultSet().
[2025-06-19 10:27:58] Zakka: Database connectie succesvol. Host: localhost, DB: rijschool
[2025-06-19 10:27:58] Zakka: Verbinding gemaakt met gebruiker: root
[2025-06-19 10:27:58] Zakka: resultSet opgehaald. Aantal records: 7
[2025-06-19 10:27:58] Zakka: Statement executed in resultSet().
[2025-06-19 10:27:58] Zakka: resultSet opgehaald. Aantal records: 5
[2025-06-19 10:27:58] Zakka: Statement executed in resultSet().
[2025-06-19 10:27:58] Zakka: Database connectie succesvol. Host: localhost, DB: rijschool
[2025-06-19 10:27:58] Zakka: Verbinding gemaakt met gebruiker: root
[2025-06-19 10:27:58] Zakka: resultSet opgehaald. Aantal records: 7
[2025-06-19 10:27:58] Zakka: Statement executed in resultSet().
[2025-06-19 10:27:58] Zakka: resultSet opgehaald. Aantal records: 5
[2025-06-19 10:27:58] Zakka: Statement executed in resultSet().
[2025-06-19 10:28:04] Zakka: Database connectie succesvol. Host: localhost, DB: rijschool
[2025-06-19 10:28:04] Zakka: Verbinding gemaakt met gebruiker: root
[2025-06-19 10:28:07] Zakka: Database connectie succesvol. Host: localhost, DB: rijschool
[2025-06-19 10:28:07] Zakka: Verbinding gemaakt met gebruiker: root
[2025-06-19 10:28:07] Zakka: resultSet opgehaald. Aantal records: 7
[2025-06-19 10:28:07] Zakka: Statement executed in resultSet().
[2025-06-19 10:28:07] Zakka: resultSet opgehaald. Aantal records: 5
[2025-06-19 10:28:07] Zakka: Statement executed in resultSet().
[2025-06-19 10:28:09] Zakka: Database connectie succesvol. Host: localhost, DB: rijschool
[2025-06-19 10:28:09] Zakka: Verbinding gemaakt met gebruiker: root
[2025-06-19 10:28:13] Zakka: Database connectie succesvol. Host: localhost, DB: rijschool
[2025-06-19 10:28:13] Zakka: Verbinding gemaakt met gebruiker: root
[2025-06-19 10:28:13] Zakka: Database connectie succesvol. Host: localhost, DB: rijschool
[2025-06-19 10:28:13] Zakka: Verbinding gemaakt met gebruiker: root
[2025-06-19 10:28:13] Zakka: Database connectie succesvol. Host: localhost, DB: rijschool
[2025-06-19 10:28:13] Zakka: Verbinding gemaakt met gebruiker: root
[2025-06-19 10:29:18] Zakka: Database connectie succesvol. Host: localhost, DB: rijschool
[2025-06-19 10:29:18] Zakka: Verbinding gemaakt met gebruiker: root
[2025-06-19 10:29:29] Zakka: Database connectie succesvol. Host: localhost, DB: rijschool
[2025-06-19 10:29:29] Zakka: Verbinding gemaakt met gebruiker: root
[2025-06-19 10:29:29] Zakka: Database connectie succesvol. Host: localhost, DB: rijschool
[2025-06-19 10:29:29] Zakka: Verbinding gemaakt met gebruiker: root
[2025-06-19 10:30:11] Zakka: Database connectie succesvol. Host: localhost, DB: rijschool
[2025-06-19 10:30:11] Zakka: Verbinding gemaakt met gebruiker: root
[2025-06-19 10:30:11] Zakka: Database connectie succesvol. Host: localhost, DB: rijschool
[2025-06-19 10:30:11] Zakka: Verbinding gemaakt met gebruiker: root
[2025-06-19 10:34:41] Zakka: Database connectie succesvol. Host: localhost, DB: rijschool
[2025-06-19 10:34:41] Zakka: Verbinding gemaakt met gebruiker: root
[2025-06-19 10:34:41] Zakka: Database connectie succesvol. Host: localhost, DB: rijschool
[2025-06-19 10:34:41] Zakka: Verbinding gemaakt met gebruiker: root
[2025-06-19 10:34:41] Zakka: Database connectie succesvol. Host: localhost, DB: rijschool
[2025-06-19 10:34:41] Zakka: Verbinding gemaakt met gebruiker: root
[2025-06-19 10:34:41] Zakka: resultSet opgehaald. Aantal records: 1
[2025-06-19 10:34:41] Zakka: Statement executed in resultSet().
[2025-06-19 10:34:53] Zakka: Database connectie succesvol. Host: localhost, DB: rijschool
[2025-06-19 10:34:53] Zakka: Verbinding gemaakt met gebruiker: root
[2025-06-19 10:35:09] Zakka: Database connectie succesvol. Host: localhost, DB: rijschool
[2025-06-19 10:35:09] Zakka: Verbinding gemaakt met gebruiker: root
[2025-06-19 10:35:09] Zakka: resultSet opgehaald. Aantal records: 6
[2025-06-19 10:35:09] Zakka: Statement executed in resultSet().
[2025-06-19 10:35:09] Zakka: resultSet opgehaald. Aantal records: 4
[2025-06-19 10:35:09] Zakka: Statement executed in resultSet().
[2025-06-19 10:35:22] Zakka: Database connectie succesvol. Host: localhost, DB: rijschool
[2025-06-19 10:35:22] Zakka: Verbinding gemaakt met gebruiker: root
[2025-06-19 10:35:22] Zakka: Database connectie succesvol. Host: localhost, DB: rijschool
[2025-06-19 10:35:22] Zakka: Verbinding gemaakt met gebruiker: root
[2025-06-19 10:35:22] Zakka: resultSet opgehaald. Aantal records: 6
[2025-06-19 10:35:22] Zakka: Statement executed in resultSet().
[2025-06-19 10:35:22] Zakka: resultSet opgehaald. Aantal records: 4
[2025-06-19 10:35:22] Zakka: Statement executed in resultSet().
[2025-06-19 10:35:36] Zakka: Database connectie succesvol. Host: localhost, DB: rijschool
[2025-06-19 10:35:36] Zakka: Verbinding gemaakt met gebruiker: root
[2025-06-19 10:35:36] Zakka: Database connectie succesvol. Host: localhost, DB: rijschool
[2025-06-19 10:35:36] Zakka: Verbinding gemaakt met gebruiker: root
[2025-06-19 10:35:36] Zakka: resultSet opgehaald. Aantal records: 6
[2025-06-19 10:35:36] Zakka: Statement executed in resultSet().
[2025-06-19 10:35:36] Zakka: resultSet opgehaald. Aantal records: 5
[2025-06-19 10:35:36] Zakka: Statement executed in resultSet().
[2025-06-19 10:35:44] Zakka: Database connectie succesvol. Host: localhost, DB: rijschool
[2025-06-19 10:35:44] Zakka: Verbinding gemaakt met gebruiker: root
[2025-06-19 10:35:44] Zakka: resultSet opgehaald. Aantal records: 6
[2025-06-19 10:35:44] Zakka: Statement executed in resultSet().
[2025-06-19 10:35:44] Zakka: resultSet opgehaald. Aantal records: 5
[2025-06-19 10:35:44] Zakka: Statement executed in resultSet().
[2025-06-19 10:35:44] Zakka: Database connectie succesvol. Host: localhost, DB: rijschool
[2025-06-19 10:35:44] Zakka: Verbinding gemaakt met gebruiker: root
[2025-06-19 10:35:44] Zakka: resultSet opgehaald. Aantal records: 6
[2025-06-19 10:35:44] Zakka: Statement executed in resultSet().
[2025-06-19 10:35:44] Zakka: resultSet opgehaald. Aantal records: 5
[2025-06-19 10:35:44] Zakka: Statement executed in resultSet().
[2025-06-19 10:38:46] Zakka: Database connectie succesvol. Host: localhost, DB: rijschool
[2025-06-19 10:38:46] Zakka: Verbinding gemaakt met gebruiker: root
[2025-06-19 10:38:46] Zakka: Database connectie succesvol. Host: localhost, DB: rijschool
[2025-06-19 10:38:46] Zakka: Verbinding gemaakt met gebruiker: root
[2025-06-19 10:38:49] Zakka: Database connectie succesvol. Host: localhost, DB: rijschool
[2025-06-19 10:38:49] Zakka: Verbinding gemaakt met gebruiker: root
[2025-06-19 10:39:14] Zakka: Database connectie succesvol. Host: localhost, DB: rijschool
[2025-06-19 10:39:14] Zakka: Verbinding gemaakt met gebruiker: root
[2025-06-19 10:39:15] Zakka: Database connectie succesvol. Host: localhost, DB: rijschool
[2025-06-19 10:39:15] Zakka: Verbinding gemaakt met gebruiker: root
[2025-06-19 10:39:19] Zakka: Database connectie succesvol. Host: localhost, DB: rijschool
[2025-06-19 10:39:19] Zakka: Verbinding gemaakt met gebruiker: root
[2025-06-19 10:39:22] Zakka: Database connectie succesvol. Host: localhost, DB: rijschool
[2025-06-19 10:39:22] Zakka: Verbinding gemaakt met gebruiker: root
[2025-06-19 10:39:22] Zakka: Database connectie succesvol. Host: localhost, DB: rijschool
[2025-06-19 10:39:22] Zakka: Verbinding gemaakt met gebruiker: root
[2025-06-19 10:39:27] Zakka: Database connectie succesvol. Host: localhost, DB: rijschool
[2025-06-19 10:39:27] Zakka: Verbinding gemaakt met gebruiker: root
[2025-06-19 10:39:29] Zakka: Database connectie succesvol. Host: localhost, DB: rijschool
[2025-06-19 10:39:29] Zakka: Verbinding gemaakt met gebruiker: root
[2025-06-19 10:39:29] Zakka: resultSet opgehaald. Aantal records: 7
[2025-06-19 10:39:29] Zakka: Statement executed in resultSet().
[2025-06-19 10:39:32] Zakka: Database connectie succesvol. Host: localhost, DB: rijschool
[2025-06-19 10:39:32] Zakka: Verbinding gemaakt met gebruiker: root
[2025-06-19 10:39:32] Zakka: resultSet opgehaald. Aantal records: 7
[2025-06-19 10:39:32] Zakka: Statement executed in resultSet().
[2025-06-19 10:39:34] Zakka: Database connectie succesvol. Host: localhost, DB: rijschool
[2025-06-19 10:39:34] Zakka: Verbinding gemaakt met gebruiker: root
[2025-06-19 10:39:34] Zakka: Database connectie succesvol. Host: localhost, DB: rijschool
[2025-06-19 10:39:34] Zakka: Verbinding gemaakt met gebruiker: root
[2025-06-19 10:39:34] Zakka: resultSet opgehaald. Aantal records: 7
[2025-06-19 10:39:34] Zakka: Statement executed in resultSet().
[2025-06-19 10:39:39] Zakka: Database connectie succesvol. Host: localhost, DB: rijschool
[2025-06-19 10:39:39] Zakka: Verbinding gemaakt met gebruiker: root
[2025-06-19 10:39:39] Zakka: Database connectie succesvol. Host: localhost, DB: rijschool
[2025-06-19 10:39:39] Zakka: Verbinding gemaakt met gebruiker: root
[2025-06-19 10:39:40] Zakka: Database connectie succesvol. Host: localhost, DB: rijschool
[2025-06-19 10:39:40] Zakka: Verbinding gemaakt met gebruiker: root
[2025-06-19 10:40:02] Zakka: Database connectie succesvol. Host: localhost, DB: rijschool
[2025-06-19 10:40:02] Zakka: Verbinding gemaakt met gebruiker: root
[2025-06-19 10:43:21] Zakka: Database connectie succesvol. Host: localhost, DB: rijschool
[2025-06-19 10:43:21] Zakka: Verbinding gemaakt met gebruiker: root
[2025-06-19 10:43:23] Zakka: Database connectie succesvol. Host: localhost, DB: rijschool
[2025-06-19 10:43:23] Zakka: Verbinding gemaakt met gebruiker: root
[2025-06-19 10:43:27] Zakka: Database connectie succesvol. Host: localhost, DB: rijschool
[2025-06-19 10:43:27] Zakka: Verbinding gemaakt met gebruiker: root
[2025-06-19 10:43:29] Zakka: Database connectie succesvol. Host: localhost, DB: rijschool
[2025-06-19 10:43:29] Zakka: Verbinding gemaakt met gebruiker: root
[2025-06-19 10:43:29] Zakka: resultSet opgehaald. Aantal records: 3
[2025-06-19 10:43:29] Zakka: Statement executed in resultSet().
[2025-06-19 10:43:32] Zakka: Database connectie succesvol. Host: localhost, DB: rijschool
[2025-06-19 10:43:32] Zakka: Verbinding gemaakt met gebruiker: root
[2025-06-19 10:43:46] Zakka: Database connectie succesvol. Host: localhost, DB: rijschool
[2025-06-19 10:43:46] Zakka: Verbinding gemaakt met gebruiker: root
[2025-06-19 10:43:46] Zakka: outQuery uitgevoerd: SELECT LAST_INSERT_ID()
[2025-06-19 10:43:46] Zakka: outQuery resultaat: \PDOStatement::__set_state(array(
   'queryString' => 'SELECT LAST_INSERT_ID()',
))
[2025-06-19 10:43:46] Zakka: outQuery uitgevoerd: SELECT MAX(CAST(SUBSTRING(Nummer, 3) AS UNSIGNED)) AS MaxNummer FROM instructeur
[2025-06-19 10:43:46] Zakka: outQuery resultaat: \PDOStatement::__set_state(array(
   'queryString' => 'SELECT MAX(CAST(SUBSTRING(Nummer, 3) AS UNSIGNED)) AS MaxNummer FROM instructeur',
))
[2025-06-19 10:43:46] Zakka: Database connectie succesvol. Host: localhost, DB: rijschool
[2025-06-19 10:43:46] Zakka: Verbinding gemaakt met gebruiker: root
[2025-06-19 10:43:46] Zakka: resultSet opgehaald. Aantal records: 4
[2025-06-19 10:43:46] Zakka: Statement executed in resultSet().
[2025-06-19 10:43:54] Zakka: Database connectie succesvol. Host: localhost, DB: rijschool
[2025-06-19 10:43:54] Zakka: Verbinding gemaakt met gebruiker: root
[2025-06-19 10:43:54] Zakka: resultSet opgehaald. Aantal records: 4
[2025-06-19 10:43:54] Zakka: Statement executed in resultSet().
[2025-06-19 10:45:06] Zakka: Database connectie succesvol. Host: localhost, DB: rijschool
[2025-06-19 10:45:06] Zakka: Verbinding gemaakt met gebruiker: root
[2025-06-19 10:45:06] Zakka: resultSet opgehaald. Aantal records: 4
[2025-06-19 10:45:06] Zakka: Statement executed in resultSet().
[2025-06-19 10:45:08] Zakka: Database connectie succesvol. Host: localhost, DB: rijschool
[2025-06-19 10:45:08] Zakka: Verbinding gemaakt met gebruiker: root
[2025-06-19 10:45:16] Zakka: Database connectie succesvol. Host: localhost, DB: rijschool
[2025-06-19 10:45:16] Zakka: Verbinding gemaakt met gebruiker: root
[2025-06-19 10:45:18] Zakka: Database connectie succesvol. Host: localhost, DB: rijschool
[2025-06-19 10:45:18] Zakka: Verbinding gemaakt met gebruiker: root
[2025-06-19 10:45:20] Zakka: Database connectie succesvol. Host: localhost, DB: rijschool
[2025-06-19 10:45:20] Zakka: Verbinding gemaakt met gebruiker: root
[2025-06-19 10:45:20] Zakka: resultSet opgehaald. Aantal records: 4
[2025-06-19 10:45:20] Zakka: Statement executed in resultSet().
[2025-06-19 10:45:22] Zakka: Database connectie succesvol. Host: localhost, DB: rijschool
[2025-06-19 10:45:22] Zakka: Verbinding gemaakt met gebruiker: root
[2025-06-19 10:45:22] Zakka: Database connectie succesvol. Host: localhost, DB: rijschool
[2025-06-19 10:45:22] Zakka: Verbinding gemaakt met gebruiker: root
[2025-06-19 10:45:22] Zakka: resultSet opgehaald. Aantal records: 4
[2025-06-19 10:45:22] Zakka: Statement executed in resultSet().
[2025-06-19 10:45:25] Zakka: Database connectie succesvol. Host: localhost, DB: rijschool
[2025-06-19 10:45:25] Zakka: Verbinding gemaakt met gebruiker: root
[2025-06-19 10:45:25] Zakka: resultSet opgehaald. Aantal records: 3
[2025-06-19 10:45:25] Zakka: Statement executed in resultSet().
[2025-06-19 10:45:28] Zakka: Database connectie succesvol. Host: localhost, DB: rijschool
[2025-06-19 10:45:28] Zakka: Verbinding gemaakt met gebruiker: root
[2025-06-19 10:45:36] Zakka: Database connectie succesvol. Host: localhost, DB: rijschool
[2025-06-19 10:45:36] Zakka: Verbinding gemaakt met gebruiker: root
[2025-06-19 10:45:36] Zakka: outQuery uitgevoerd: SELECT LAST_INSERT_ID()
[2025-06-19 10:45:36] Zakka: outQuery resultaat: \PDOStatement::__set_state(array(
   'queryString' => 'SELECT LAST_INSERT_ID()',
))
[2025-06-19 10:45:36] Zakka: outQuery uitgevoerd: SELECT MAX(CAST(SUBSTRING(Relatienummer, 3) AS UNSIGNED)) AS MaxNummer FROM leerling
[2025-06-19 10:45:36] Zakka: outQuery resultaat: \PDOStatement::__set_state(array(
   'queryString' => 'SELECT MAX(CAST(SUBSTRING(Relatienummer, 3) AS UNSIGNED)) AS MaxNummer FROM leerling',
))
[2025-06-19 10:45:36] Zakka: Database connectie succesvol. Host: localhost, DB: rijschool
[2025-06-19 10:45:36] Zakka: Verbinding gemaakt met gebruiker: root
[2025-06-19 10:45:36] Zakka: resultSet opgehaald. Aantal records: 4
[2025-06-19 10:45:36] Zakka: Statement executed in resultSet().
[2025-06-19 10:45:41] Zakka: Database connectie succesvol. Host: localhost, DB: rijschool
[2025-06-19 10:45:41] Zakka: Verbinding gemaakt met gebruiker: root
[2025-06-19 10:45:49] Zakka: Database connectie succesvol. Host: localhost, DB: rijschool
[2025-06-19 10:45:49] Zakka: Verbinding gemaakt met gebruiker: root
